{"meta": {"format": 3, "version": "7.10.7", "timestamp": "2025-09-30T18:19:42.291832", "branch_coverage": false, "show_contexts": false}, "files": {"app_bank\\__init__.py": {"executed_lines": [], "summary": {"covered_lines": 0, "num_statements": 0, "percent_covered": 100.0, "percent_covered_display": "100", "missing_lines": 0, "excluded_lines": 0}, "missing_lines": [], "excluded_lines": [], "functions": {"": {"executed_lines": [], "summary": {"covered_lines": 0, "num_statements": 0, "percent_covered": 100.0, "percent_covered_display": "100", "missing_lines": 0, "excluded_lines": 0}, "missing_lines": [], "excluded_lines": []}}, "classes": {"": {"executed_lines": [], "summary": {"covered_lines": 0, "num_statements": 0, "percent_covered": 100.0, "percent_covered_display": "100", "missing_lines": 0, "excluded_lines": 0}, "missing_lines": [], "excluded_lines": []}}}, "app_bank\\app.py": {"executed_lines": [1, 2, 3, 4, 5, 7, 9, 10, 11, 14, 15, 16, 19, 20, 21, 24, 25, 26, 27, 32, 33, 34, 35, 38, 40, 41, 42, 45, 52, 53, 54, 56, 57, 58, 59, 61, 64], "summary": {"covered_lines": 37, "num_statements": 39, "percent_covered": 94.87179487179488, "percent_covered_display": "95", "missing_lines": 2, "excluded_lines": 0}, "missing_lines": [65, 66], "excluded_lines": [], "functions": {"create_app": {"executed_lines": [10, 11, 14, 15, 16, 19, 20, 21, 24, 25, 26, 27, 32, 33, 34, 35, 38, 40, 41, 42, 45, 52, 53, 54, 56, 57, 58, 59, 61], "summary": {"covered_lines": 29, "num_statements": 29, "percent_covered": 100.0, "percent_covered_display": "100", "missing_lines": 0, "excluded_lines": 0}, "missing_lines": [], "excluded_lines": []}, "": {"executed_lines": [1, 2, 3, 4, 5, 7, 9, 64], "summary": {"covered_lines": 8, "num_statements": 10, "percent_covered": 80.0, "percent_covered_display": "80", "missing_lines": 2, "excluded_lines": 0}, "missing_lines": [65, 66], "excluded_lines": []}}, "classes": {"": {"executed_lines": [1, 2, 3, 4, 5, 7, 9, 10, 11, 14, 15, 16, 19, 20, 21, 24, 25, 26, 27, 32, 33, 34, 35, 38, 40, 41, 42, 45, 52, 53, 54, 56, 57, 58, 59, 61, 64], "summary": {"covered_lines": 37, "num_statements": 39, "percent_covered": 94.87179487179488, "percent_covered_display": "95", "missing_lines": 2, "excluded_lines": 0}, "missing_lines": [65, 66], "excluded_lines": []}}}, "app_bank\\create_users.py": {"executed_lines": [], "summary": {"covered_lines": 0, "num_statements": 14, "percent_covered": 0.0, "percent_covered_display": "0", "missing_lines": 14, "excluded_lines": 0}, "missing_lines": [1, 2, 3, 5, 7, 8, 11, 18, 19, 20, 22, 23, 24, 25], "excluded_lines": [], "functions": {"": {"executed_lines": [], "summary": {"covered_lines": 0, "num_statements": 14, "percent_covered": 0.0, "percent_covered_display": "0", "missing_lines": 14, "excluded_lines": 0}, "missing_lines": [1, 2, 3, 5, 7, 8, 11, 18, 19, 20, 22, 23, 24, 25], "excluded_lines": []}}, "classes": {"": {"executed_lines": [], "summary": {"covered_lines": 0, "num_statements": 14, "percent_covered": 0.0, "percent_covered_display": "0", "missing_lines": 14, "excluded_lines": 0}, "missing_lines": [1, 2, 3, 5, 7, 8, 11, 18, 19, 20, 22, 23, 24, 25], "excluded_lines": []}}}, "app_bank\\extensions.py": {"executed_lines": [1, 2, 4, 5], "summary": {"covered_lines": 4, "num_statements": 4, "percent_covered": 100.0, "percent_covered_display": "100", "missing_lines": 0, "excluded_lines": 0}, "missing_lines": [], "excluded_lines": [], "functions": {"": {"executed_lines": [1, 2, 4, 5], "summary": {"covered_lines": 4, "num_statements": 4, "percent_covered": 100.0, "percent_covered_display": "100", "missing_lines": 0, "excluded_lines": 0}, "missing_lines": [], "excluded_lines": []}}, "classes": {"": {"executed_lines": [1, 2, 4, 5], "summary": {"covered_lines": 4, "num_statements": 4, "percent_covered": 100.0, "percent_covered_display": "100", "missing_lines": 0, "excluded_lines": 0}, "missing_lines": [], "excluded_lines": []}}}, "app_bank\\models.py": {"executed_lines": [1, 2, 3, 4, 6, 7, 8, 9, 10, 14, 16, 17, 19, 23, 24, 25, 26, 27, 28, 29, 30], "summary": {"covered_lines": 21, "num_statements": 22, "percent_covered": 95.45454545454545, "percent_covered_display": "95", "missing_lines": 1, "excluded_lines": 0}, "missing_lines": [20], "excluded_lines": [], "functions": {"User.set_password": {"executed_lines": [17], "summary": {"covered_lines": 1, "num_statements": 1, "percent_covered": 100.0, "percent_covered_display": "100", "missing_lines": 0, "excluded_lines": 0}, "missing_lines": [], "excluded_lines": []}, "User.check_password": {"executed_lines": [], "summary": {"covered_lines": 0, "num_statements": 1, "percent_covered": 0.0, "percent_covered_display": "0", "missing_lines": 1, "excluded_lines": 0}, "missing_lines": [20], "excluded_lines": []}, "": {"executed_lines": [1, 2, 3, 4, 6, 7, 8, 9, 10, 14, 16, 19, 23, 24, 25, 26, 27, 28, 29, 30], "summary": {"covered_lines": 20, "num_statements": 20, "percent_covered": 100.0, "percent_covered_display": "100", "missing_lines": 0, "excluded_lines": 0}, "missing_lines": [], "excluded_lines": []}}, "classes": {"User": {"executed_lines": [17], "summary": {"covered_lines": 1, "num_statements": 2, "percent_covered": 50.0, "percent_covered_display": "50", "missing_lines": 1, "excluded_lines": 0}, "missing_lines": [20], "excluded_lines": []}, "Transaction": {"executed_lines": [], "summary": {"covered_lines": 0, "num_statements": 0, "percent_covered": 100.0, "percent_covered_display": "100", "missing_lines": 0, "excluded_lines": 0}, "missing_lines": [], "excluded_lines": []}, "": {"executed_lines": [1, 2, 3, 4, 6, 7, 8, 9, 10, 14, 16, 19, 23, 24, 25, 26, 27, 28, 29, 30], "summary": {"covered_lines": 20, "num_statements": 20, "percent_covered": 100.0, "percent_covered_display": "100", "missing_lines": 0, "excluded_lines": 0}, "missing_lines": [], "excluded_lines": []}}}, "app_bank\\routes\\auth.py": {"executed_lines": [1, 2, 3, 4, 6, 8, 9, 13, 14, 29, 30, 31, 35, 36], "summary": {"covered_lines": 14, "num_statements": 41, "percent_covered": 34.146341463414636, "percent_covered_display": "34", "missing_lines": 27, "excluded_lines": 0}, "missing_lines": [10, 15, 16, 17, 19, 20, 21, 22, 24, 26, 32, 33, 37, 38, 39, 42, 43, 44, 45, 48, 49, 50, 52, 53, 55, 56, 58], "excluded_lines": [], "functions": {"load_user": {"executed_lines": [], "summary": {"covered_lines": 0, "num_statements": 1, "percent_covered": 0.0, "percent_covered_display": "0", "missing_lines": 1, "excluded_lines": 0}, "missing_lines": [10], "excluded_lines": []}, "login": {"executed_lines": [], "summary": {"covered_lines": 0, "num_statements": 9, "percent_covered": 0.0, "percent_covered_display": "0", "missing_lines": 9, "excluded_lines": 0}, "missing_lines": [15, 16, 17, 19, 20, 21, 22, 24, 26], "excluded_lines": []}, "logout": {"executed_lines": [], "summary": {"covered_lines": 0, "num_statements": 2, "percent_covered": 0.0, "percent_covered_display": "0", "missing_lines": 2, "excluded_lines": 0}, "missing_lines": [32, 33], "excluded_lines": []}, "register": {"executed_lines": [], "summary": {"covered_lines": 0, "num_statements": 15, "percent_covered": 0.0, "percent_covered_display": "0", "missing_lines": 15, "excluded_lines": 0}, "missing_lines": [37, 38, 39, 42, 43, 44, 45, 48, 49, 50, 52, 53, 55, 56, 58], "excluded_lines": []}, "": {"executed_lines": [1, 2, 3, 4, 6, 8, 9, 13, 14, 29, 30, 31, 35, 36], "summary": {"covered_lines": 14, "num_statements": 14, "percent_covered": 100.0, "percent_covered_display": "100", "missing_lines": 0, "excluded_lines": 0}, "missing_lines": [], "excluded_lines": []}}, "classes": {"": {"executed_lines": [1, 2, 3, 4, 6, 8, 9, 13, 14, 29, 30, 31, 35, 36], "summary": {"covered_lines": 14, "num_statements": 41, "percent_covered": 34.146341463414636, "percent_covered_display": "34", "missing_lines": 27, "excluded_lines": 0}, "missing_lines": [10, 15, 16, 17, 19, 20, 21, 22, 24, 26, 32, 33, 37, 38, 39, 42, 43, 44, 45, 48, 49, 50, 52, 53, 55, 56, 58], "excluded_lines": []}}}, "app_bank\\routes\\health.py": {"executed_lines": [1, 2, 4, 6, 7, 8], "summary": {"covered_lines": 6, "num_statements": 6, "percent_covered": 100.0, "percent_covered_display": "100", "missing_lines": 0, "excluded_lines": 0}, "missing_lines": [], "excluded_lines": [], "functions": {"health": {"executed_lines": [8], "summary": {"covered_lines": 1, "num_statements": 1, "percent_covered": 100.0, "percent_covered_display": "100", "missing_lines": 0, "excluded_lines": 0}, "missing_lines": [], "excluded_lines": []}, "": {"executed_lines": [1, 2, 4, 6, 7], "summary": {"covered_lines": 5, "num_statements": 5, "percent_covered": 100.0, "percent_covered_display": "100", "missing_lines": 0, "excluded_lines": 0}, "missing_lines": [], "excluded_lines": []}}, "classes": {"": {"executed_lines": [1, 2, 4, 6, 7, 8], "summary": {"covered_lines": 6, "num_statements": 6, "percent_covered": 100.0, "percent_covered_display": "100", "missing_lines": 0, "excluded_lines": 0}, "missing_lines": [], "excluded_lines": []}}}, "app_bank\\routes\\main.py": {"executed_lines": [1, 3, 5, 6], "summary": {"covered_lines": 4, "num_statements": 5, "percent_covered": 80.0, "percent_covered_display": "80", "missing_lines": 1, "excluded_lines": 0}, "missing_lines": [8], "excluded_lines": [], "functions": {"home": {"executed_lines": [], "summary": {"covered_lines": 0, "num_statements": 1, "percent_covered": 0.0, "percent_covered_display": "0", "missing_lines": 1, "excluded_lines": 0}, "missing_lines": [8], "excluded_lines": []}, "": {"executed_lines": [1, 3, 5, 6], "summary": {"covered_lines": 4, "num_statements": 4, "percent_covered": 100.0, "percent_covered_display": "100", "missing_lines": 0, "excluded_lines": 0}, "missing_lines": [], "excluded_lines": []}}, "classes": {"": {"executed_lines": [1, 3, 5, 6], "summary": {"covered_lines": 4, "num_statements": 5, "percent_covered": 80.0, "percent_covered_display": "80", "missing_lines": 1, "excluded_lines": 0}, "missing_lines": [8], "excluded_lines": []}}}, "app_bank\\routes\\transactions.py": {"executed_lines": [1, 2, 3, 4, 5, 6, 8, 10, 11, 12, 35, 36, 37, 49, 50, 51, 107, 108, 109, 120, 121, 122, 148, 149, 150, 155, 156, 157], "summary": {"covered_lines": 28, "num_statements": 99, "percent_covered": 28.282828282828284, "percent_covered_display": "28", "missing_lines": 71, "excluded_lines": 0}, "missing_lines": [14, 17, 18, 19, 21, 27, 28, 30, 38, 40, 41, 43, 52, 53, 54, 55, 58, 59, 60, 62, 63, 64, 67, 68, 69, 70, 73, 74, 77, 86, 95, 96, 97, 99, 100, 103, 104, 110, 111, 112, 114, 124, 125, 126, 127, 130, 131, 132, 133, 136, 137, 139, 140, 142, 143, 145, 152, 153, 158, 159, 160, 161, 163, 164, 165, 167, 170, 178, 179, 181, 182], "excluded_lines": [], "functions": {"dashboard": {"executed_lines": [], "summary": {"covered_lines": 0, "num_statements": 8, "percent_covered": 0.0, "percent_covered_display": "0", "missing_lines": 8, "excluded_lines": 0}, "missing_lines": [14, 17, 18, 19, 21, 27, 28, 30], "excluded_lines": []}, "accounting": {"executed_lines": [], "summary": {"covered_lines": 0, "num_statements": 4, "percent_covered": 0.0, "percent_covered_display": "0", "missing_lines": 4, "excluded_lines": 0}, "missing_lines": [38, 40, 41, 43], "excluded_lines": []}, "transfer": {"executed_lines": [], "summary": {"covered_lines": 0, "num_statements": 25, "percent_covered": 0.0, "percent_covered_display": "0", "missing_lines": 25, "excluded_lines": 0}, "missing_lines": [52, 53, 54, 55, 58, 59, 60, 62, 63, 64, 67, 68, 69, 70, 73, 74, 77, 86, 95, 96, 97, 99, 100, 103, 104], "excluded_lines": []}, "get_balance": {"executed_lines": [], "summary": {"covered_lines": 0, "num_statements": 4, "percent_covered": 0.0, "percent_covered_display": "0", "missing_lines": 4, "excluded_lines": 0}, "missing_lines": [110, 111, 112, 114], "excluded_lines": []}, "create_account": {"executed_lines": [], "summary": {"covered_lines": 0, "num_statements": 15, "percent_covered": 0.0, "percent_covered_display": "0", "missing_lines": 15, "excluded_lines": 0}, "missing_lines": [124, 125, 126, 127, 130, 131, 132, 133, 136, 137, 139, 140, 142, 143, 145], "excluded_lines": []}, "trading": {"executed_lines": [], "summary": {"covered_lines": 0, "num_statements": 2, "percent_covered": 0.0, "percent_covered_display": "0", "missing_lines": 2, "excluded_lines": 0}, "missing_lines": [152, 153], "excluded_lines": []}, "buy_stock": {"executed_lines": [], "summary": {"covered_lines": 0, "num_statements": 13, "percent_covered": 0.0, "percent_covered_display": "0", "missing_lines": 13, "excluded_lines": 0}, "missing_lines": [158, 159, 160, 161, 163, 164, 165, 167, 170, 178, 179, 181, 182], "excluded_lines": []}, "": {"executed_lines": [1, 2, 3, 4, 5, 6, 8, 10, 11, 12, 35, 36, 37, 49, 50, 51, 107, 108, 109, 120, 121, 122, 148, 149, 150, 155, 156, 157], "summary": {"covered_lines": 28, "num_statements": 28, "percent_covered": 100.0, "percent_covered_display": "100", "missing_lines": 0, "excluded_lines": 0}, "missing_lines": [], "excluded_lines": []}}, "classes": {"": {"executed_lines": [1, 2, 3, 4, 5, 6, 8, 10, 11, 12, 35, 36, 37, 49, 50, 51, 107, 108, 109, 120, 121, 122, 148, 149, 150, 155, 156, 157], "summary": {"covered_lines": 28, "num_statements": 99, "percent_covered": 28.282828282828284, "percent_covered_display": "28", "missing_lines": 71, "excluded_lines": 0}, "missing_lines": [14, 17, 18, 19, 21, 27, 28, 30, 38, 40, 41, 43, 52, 53, 54, 55, 58, 59, 60, 62, 63, 64, 67, 68, 69, 70, 73, 74, 77, 86, 95, 96, 97, 99, 100, 103, 104, 110, 111, 112, 114, 124, 125, 126, 127, 130, 131, 132, 133, 136, 137, 139, 140, 142, 143, 145, 152, 153, 158, 159, 160, 161, 163, 164, 165, 167, 170, 178, 179, 181, 182], "excluded_lines": []}}}}, "totals": {"covered_lines": 114, "num_statements": 230, "percent_covered": 49.56521739130435, "percent_covered_display": "50", "missing_lines": 116, "excluded_lines": 0}}